1492657553395	geckodriver	INFO	Listening on 127.0.0.1:56543
1492657554597	mozprofile::profile	INFO	Using profile path /var/folders/5m/b1954nss7wbd04crdn669v340000gn/T/rust_mozprofile.kNHu0IJServG
1492657554599	geckodriver::marionette	INFO	Starting browser /Applications/Firefox.app/Contents/MacOS/firefox-bin with args []
1492657554614	geckodriver::marionette	INFO	Connecting to Marionette on localhost:56552
1492657556899	Marionette	INFO	Listening on port 56552
1492657556969	Marionette	WARN	TLS certificate errors will be ignored for this session
2017-04-19 23:05:57.473 plugin-container[34125:3036048] *** CFMessagePort: bootstrap_register(): failed 1100 (0x44c) 'Permission denied', port = 0x973b, name = 'com.apple.tsm.portname'
See /usr/include/servers/bootstrap_defs.h for the error codes.
2017-04-19 23:05:57.476 plugin-container[34125:3036048] *** CFMessagePort: bootstrap_register(): failed 1100 (0x44c) 'Permission denied', port = 0x9a03, name = 'com.apple.CFPasteboardClient'
See /usr/include/servers/bootstrap_defs.h for the error codes.
1492657765115	geckodriver	INFO	Listening on 127.0.0.1:56774
1492657766105	mozprofile::profile	INFO	Using profile path /var/folders/5m/b1954nss7wbd04crdn669v340000gn/T/rust_mozprofile.LpKRmnTcu7rE
1492657766107	geckodriver::marionette	INFO	Starting browser /Applications/Firefox.app/Contents/MacOS/firefox-bin with args []
1492657766110	geckodriver::marionette	INFO	Connecting to Marionette on localhost:56784
1492657768141	Marionette	INFO	Listening on port 56784
1492657768248	Marionette	WARN	TLS certificate errors will be ignored for this session
2017-04-19 23:09:28.657 plugin-container[34151:3039210] *** CFMessagePort: bootstrap_register(): failed 1100 (0x44c) 'Permission denied', port = 0x963b, name = 'com.apple.tsm.portname'
See /usr/include/servers/bootstrap_defs.h for the error codes.
2017-04-19 23:09:28.658 plugin-container[34151:3039210] *** CFMessagePort: bootstrap_register(): failed 1100 (0x44c) 'Permission denied', port = 0x9903, name = 'com.apple.CFPasteboardClient'
See /usr/include/servers/bootstrap_defs.h for the error codes.
JavaScript warning: http://cdn.softwaretestinghelp.com/wp-content/plugins/mtouch-quiz/script.js?ver=3.1.3, line 78: unreachable code after return statement
JavaScript warning: http://cdn.softwaretestinghelp.com/wp-content/plugins/mtouch-quiz/script.js?ver=3.1.3, line 78: unreachable code after return statement
*************************
A coding exception was thrown and uncaught in a Task.

Full message: TypeError: NetworkError when attempting to fetch resource.
Full stack: 
*************************
*************************
A coding exception was thrown and uncaught in a Task.

Full message: TypeError: NetworkError when attempting to fetch resource.
Full stack: 
*************************
